  Component.cpp
C:\Users\streepmsi\Desktop\Git Projects\KernmoduleGDev\KernmoduleGDev\Engine.h(8,65): error C2061: syntax error: identifier 'EngineHook'
C:\Users\streepmsi\Desktop\Git Projects\KernmoduleGDev\KernmoduleGDev\Component.h(15,1): error C2660: 'Engine::BeginFunction': function does not take 3 arguments
C:\Users\streepmsi\Desktop\Git Projects\KernmoduleGDev\KernmoduleGDev\Engine.h(8,8): message : see declaration of 'Engine::BeginFunction'
C:\Users\streepmsi\Desktop\Git Projects\KernmoduleGDev\KernmoduleGDev\Component.h(19,1): error C2660: 'Engine::BeginFunction': function does not take 3 arguments
C:\Users\streepmsi\Desktop\Git Projects\KernmoduleGDev\KernmoduleGDev\Engine.h(8,8): message : see declaration of 'Engine::BeginFunction'
C:\Users\streepmsi\Desktop\Git Projects\KernmoduleGDev\KernmoduleGDev\Component.h(23,1): error C2660: 'Engine::BeginFunction': function does not take 3 arguments
C:\Users\streepmsi\Desktop\Git Projects\KernmoduleGDev\KernmoduleGDev\Engine.h(8,8): message : see declaration of 'Engine::BeginFunction'
C:\Users\streepmsi\Desktop\Git Projects\KernmoduleGDev\KernmoduleGDev\Component.h(27,1): error C2660: 'Engine::BeginFunction': function does not take 3 arguments
C:\Users\streepmsi\Desktop\Git Projects\KernmoduleGDev\KernmoduleGDev\Engine.h(8,8): message : see declaration of 'Engine::BeginFunction'
C:\Users\streepmsi\Desktop\Git Projects\KernmoduleGDev\KernmoduleGDev\Component.h(31,1): error C2660: 'Engine::BeginFunction': function does not take 3 arguments
C:\Users\streepmsi\Desktop\Git Projects\KernmoduleGDev\KernmoduleGDev\Engine.h(8,8): message : see declaration of 'Engine::BeginFunction'
  Engine.cpp
C:\Users\streepmsi\Desktop\Git Projects\KernmoduleGDev\KernmoduleGDev\Engine.h(8,65): error C2061: syntax error: identifier 'EngineHook'
C:\Users\streepmsi\Desktop\Git Projects\KernmoduleGDev\KernmoduleGDev\Engine.cpp(11,1): error C2511: 'void Engine::BeginFunction(std::string,const type_info &,EngineHook)': overloaded member function not found in 'Engine'
C:\Users\streepmsi\Desktop\Git Projects\KernmoduleGDev\KernmoduleGDev\Engine.h(3): message : see declaration of 'Engine'
  EngineHook.cpp
  GameObject.cpp
C:\Users\streepmsi\Desktop\Git Projects\KernmoduleGDev\KernmoduleGDev\Engine.h(8,65): error C2061: syntax error: identifier 'EngineHook'
C:\Users\streepmsi\Desktop\Git Projects\KernmoduleGDev\KernmoduleGDev\Component.h(15,1): error C2660: 'Engine::BeginFunction': function does not take 3 arguments
C:\Users\streepmsi\Desktop\Git Projects\KernmoduleGDev\KernmoduleGDev\Engine.h(8,8): message : see declaration of 'Engine::BeginFunction'
C:\Users\streepmsi\Desktop\Git Projects\KernmoduleGDev\KernmoduleGDev\Component.h(19,1): error C2660: 'Engine::BeginFunction': function does not take 3 arguments
C:\Users\streepmsi\Desktop\Git Projects\KernmoduleGDev\KernmoduleGDev\Engine.h(8,8): message : see declaration of 'Engine::BeginFunction'
C:\Users\streepmsi\Desktop\Git Projects\KernmoduleGDev\KernmoduleGDev\Component.h(23,1): error C2660: 'Engine::BeginFunction': function does not take 3 arguments
C:\Users\streepmsi\Desktop\Git Projects\KernmoduleGDev\KernmoduleGDev\Engine.h(8,8): message : see declaration of 'Engine::BeginFunction'
C:\Users\streepmsi\Desktop\Git Projects\KernmoduleGDev\KernmoduleGDev\Component.h(27,1): error C2660: 'Engine::BeginFunction': function does not take 3 arguments
C:\Users\streepmsi\Desktop\Git Projects\KernmoduleGDev\KernmoduleGDev\Engine.h(8,8): message : see declaration of 'Engine::BeginFunction'
C:\Users\streepmsi\Desktop\Git Projects\KernmoduleGDev\KernmoduleGDev\Component.h(31,1): error C2660: 'Engine::BeginFunction': function does not take 3 arguments
C:\Users\streepmsi\Desktop\Git Projects\KernmoduleGDev\KernmoduleGDev\Engine.h(8,8): message : see declaration of 'Engine::BeginFunction'
  KernmoduleGDev.cpp
C:\Users\streepmsi\Desktop\Git Projects\KernmoduleGDev\KernmoduleGDev\Engine.h(8,65): error C2061: syntax error: identifier 'EngineHook'
  Transform.cpp
C:\Users\streepmsi\Desktop\Git Projects\KernmoduleGDev\KernmoduleGDev\Engine.h(8,65): error C2061: syntax error: identifier 'EngineHook'
C:\Users\streepmsi\Desktop\Git Projects\KernmoduleGDev\KernmoduleGDev\Component.h(15,1): error C2660: 'Engine::BeginFunction': function does not take 3 arguments
C:\Users\streepmsi\Desktop\Git Projects\KernmoduleGDev\KernmoduleGDev\Engine.h(8,8): message : see declaration of 'Engine::BeginFunction'
C:\Users\streepmsi\Desktop\Git Projects\KernmoduleGDev\KernmoduleGDev\Component.h(19,1): error C2660: 'Engine::BeginFunction': function does not take 3 arguments
C:\Users\streepmsi\Desktop\Git Projects\KernmoduleGDev\KernmoduleGDev\Engine.h(8,8): message : see declaration of 'Engine::BeginFunction'
C:\Users\streepmsi\Desktop\Git Projects\KernmoduleGDev\KernmoduleGDev\Component.h(23,1): error C2660: 'Engine::BeginFunction': function does not take 3 arguments
C:\Users\streepmsi\Desktop\Git Projects\KernmoduleGDev\KernmoduleGDev\Engine.h(8,8): message : see declaration of 'Engine::BeginFunction'
C:\Users\streepmsi\Desktop\Git Projects\KernmoduleGDev\KernmoduleGDev\Component.h(27,1): error C2660: 'Engine::BeginFunction': function does not take 3 arguments
C:\Users\streepmsi\Desktop\Git Projects\KernmoduleGDev\KernmoduleGDev\Engine.h(8,8): message : see declaration of 'Engine::BeginFunction'
C:\Users\streepmsi\Desktop\Git Projects\KernmoduleGDev\KernmoduleGDev\Component.h(31,1): error C2660: 'Engine::BeginFunction': function does not take 3 arguments
C:\Users\streepmsi\Desktop\Git Projects\KernmoduleGDev\KernmoduleGDev\Engine.h(8,8): message : see declaration of 'Engine::BeginFunction'
  Generating Code...
